<?xml version="1.0" encoding="UTF-8"?>
<!-- Generated by org.testng.reporters.JUnitReportReporter -->
<testsuite hostname="Abc" name="ExecutionEngine.Login" tests="1" failures="0" timestamp="15 May 2017 16:11:25 GMT" time="31.044" errors="0">
  <testcase name="validateLogin" time="31.044" classname="ExecutionEngine.Login"/>
</testsuite> <!-- ExecutionEngine.Login -->
